<?xml version="1.0" encoding="UTF-8"?>
<testsuite xmlns:xsi="http://www.w3.org/2001/XMLSchema-instance" xsi:schemaLocation="https://maven.apache.org/surefire/maven-surefire-plugin/xsd/surefire-test-report.xsd" name="edu.gmu.cs475.ManualClientUnlockAtEndTests" time="0.613" tests="4" errors="0" skipped="0" failures="2">
  <properties>
    <property name="java.runtime.name" value="OpenJDK Runtime Environment"/>
    <property name="sun.boot.library.path" value="/usr/lib/jvm/java-8-openjdk-amd64/jre/lib/amd64"/>
    <property name="java.vm.version" value="25.181-b13"/>
    <property name="java.vm.vendor" value="Oracle Corporation"/>
    <property name="maven.multiModuleProjectDirectory" value="/home/altruist/Development/CS475/assignment_two_cs475"/>
    <property name="java.vendor.url" value="http://java.oracle.com/"/>
    <property name="path.separator" value=":"/>
    <property name="guice.disable.misplaced.annotation.check" value="true"/>
    <property name="java.vm.name" value="OpenJDK 64-Bit Server VM"/>
    <property name="file.encoding.pkg" value="sun.io"/>
    <property name="user.country" value="US"/>
    <property name="sun.java.launcher" value="SUN_STANDARD"/>
    <property name="sun.os.patch.level" value="unknown"/>
    <property name="java.vm.specification.name" value="Java Virtual Machine Specification"/>
    <property name="user.dir" value="/home/altruist/Development/CS475/assignment_two_cs475"/>
    <property name="java.runtime.version" value="1.8.0_181-8u181-b13-1~deb9u1-b13"/>
    <property name="java.awt.graphicsenv" value="sun.awt.X11GraphicsEnvironment"/>
    <property name="java.endorsed.dirs" value="/usr/lib/jvm/java-8-openjdk-amd64/jre/lib/endorsed"/>
    <property name="os.arch" value="amd64"/>
    <property name="java.io.tmpdir" value="/tmp"/>
    <property name="line.separator" value="&#10;"/>
    <property name="java.vm.specification.vendor" value="Oracle Corporation"/>
    <property name="os.name" value="Linux"/>
    <property name="classworlds.conf" value="/usr/share/maven/bin/m2.conf"/>
    <property name="sun.jnu.encoding" value="UTF-8"/>
    <property name="java.library.path" value="/usr/java/packages/lib/amd64:/usr/lib/x86_64-linux-gnu/jni:/lib/x86_64-linux-gnu:/usr/lib/x86_64-linux-gnu:/usr/lib/jni:/lib:/usr/lib"/>
    <property name="java.specification.name" value="Java Platform API Specification"/>
    <property name="java.class.version" value="52.0"/>
    <property name="sun.management.compiler" value="HotSpot 64-Bit Tiered Compilers"/>
    <property name="os.version" value="4.9.0-8-amd64"/>
    <property name="user.home" value="/home/altruist"/>
    <property name="user.timezone" value="America/New_York"/>
    <property name="java.awt.printerjob" value="sun.print.PSPrinterJob"/>
    <property name="file.encoding" value="UTF-8"/>
    <property name="java.specification.version" value="1.8"/>
    <property name="rvpredict" value="/home/altruist/RV-Predict/Java/lib/rv-predict.jar"/>
    <property name="user.name" value="altruist"/>
    <property name="java.class.path" value="/usr/share/maven/boot/plexus-classworlds-2.x.jar"/>
    <property name="java.vm.specification.version" value="1.8"/>
    <property name="sun.arch.data.model" value="64"/>
    <property name="java.home" value="/usr/lib/jvm/java-8-openjdk-amd64/jre"/>
    <property name="sun.java.command" value="org.codehaus.plexus.classworlds.launcher.Launcher -Drvpredict=/home/altruist/RV-Predict/Java/lib/rv-predict.jar test"/>
    <property name="java.specification.vendor" value="Oracle Corporation"/>
    <property name="user.language" value="en"/>
    <property name="awt.toolkit" value="sun.awt.X11.XToolkit"/>
    <property name="java.vm.info" value="mixed mode"/>
    <property name="java.version" value="1.8.0_181"/>
    <property name="java.ext.dirs" value="/usr/lib/jvm/java-8-openjdk-amd64/jre/lib/ext:/usr/java/packages/lib/ext"/>
    <property name="securerandom.source" value="file:/dev/./urandom"/>
    <property name="sun.boot.class.path" value="/usr/lib/jvm/java-8-openjdk-amd64/jre/lib/resources.jar:/usr/lib/jvm/java-8-openjdk-amd64/jre/lib/rt.jar:/usr/lib/jvm/java-8-openjdk-amd64/jre/lib/sunrsasign.jar:/usr/lib/jvm/java-8-openjdk-amd64/jre/lib/jsse.jar:/usr/lib/jvm/java-8-openjdk-amd64/jre/lib/jce.jar:/usr/lib/jvm/java-8-openjdk-amd64/jre/lib/charsets.jar:/usr/lib/jvm/java-8-openjdk-amd64/jre/lib/jfr.jar:/usr/lib/jvm/java-8-openjdk-amd64/jre/classes"/>
    <property name="java.vendor" value="Oracle Corporation"/>
    <property name="maven.home" value="/usr/share/maven"/>
    <property name="file.separator" value="/"/>
    <property name="java.vendor.url.bug" value="http://bugreport.sun.com/bugreport/"/>
    <property name="sun.cpu.endian" value="little"/>
    <property name="sun.io.unicode.encoding" value="UnicodeLittle"/>
    <property name="sun.desktop" value="gnome"/>
    <property name="sun.cpu.isalist" value=""/>
  </properties>
  <testcase name="testCatAllLocksThenReadsThenUnlocks" classname="edu.gmu.cs475.ManualClientUnlockAtEndTests" time="0.122"/>
  <testcase name="testCatAllLocksSameOrder" classname="edu.gmu.cs475.ManualClientUnlockAtEndTests" time="0.321">
    <failure message="&#10;  Unexpected method call IFileTagManager.lockFile(&quot;File70&quot;, false):&#10;    IFileTagManager.listFilesByTag(&quot;untagged&quot;): expected: 1, actual: 1&#10;    IFileTagManager.lockFile(expected File0 as locked file #0, not File70, false): expected: 1, actual: 0" type="java.lang.AssertionError">java.lang.AssertionError: 

  Unexpected method call IFileTagManager.lockFile("File70", false):
    IFileTagManager.listFilesByTag("untagged"): expected: 1, actual: 1
    IFileTagManager.lockFile(expected File0 as locked file #0, not File70, false): expected: 1, actual: 0
	at edu.gmu.cs475.ManualClientUnlockAtEndTests.testCatAllLocksSameOrder(ManualClientUnlockAtEndTests.java:171)
</failure>
    <system-out><![CDATA[[File0, File1, File2, File3, File4, File5, File6, File7, File8, File9, File10, File11, File12, File13, File14, File15, File16, File17, File18, File19, File20, File21, File22, File23, File24, File25, File26, File27, File28, File29, File30, File31, File32, File33, File34, File35, File36, File37, File38, File39, File40, File41, File42, File43, File44, File45, File46, File47, File48, File49, File50, File51, File52, File53, File54, File55, File56, File57, File58, File59, File60, File61, File62, File63, File64, File65, File66, File67, File68, File69, File70, File71, File72, File73, File74, File75, File76, File77, File78, File79, File80, File81, File82, File83, File84, File85, File86, File87, File88, File89, File90, File91, File92, File93, File94, File95, File96, File97, File98, File99]
]]></system-out>
  </testcase>
  <testcase name="testEchoAllLocksSameOrder" classname="edu.gmu.cs475.ManualClientUnlockAtEndTests" time="0.142">
    <failure message="&#10;  Unexpected method call IFileTagManager.lockFile(&quot;File50&quot;, true):&#10;    IFileTagManager.lockFile(expected File0 as locked file #0, not File50, true): expected: 1, actual: 1&#10;    IFileTagManager.lockFile(expected File1 as locked file #0, not File50, true): expected: 1, actual: 0" type="java.lang.AssertionError">java.lang.AssertionError: 

  Unexpected method call IFileTagManager.lockFile("File50", true):
    IFileTagManager.lockFile(expected File0 as locked file #0, not File50, true): expected: 1, actual: 1
    IFileTagManager.lockFile(expected File1 as locked file #0, not File50, true): expected: 1, actual: 0
	at edu.gmu.cs475.ManualClientUnlockAtEndTests.testEchoAllLocksSameOrder(ManualClientUnlockAtEndTests.java:225)
</failure>
  </testcase>
  <testcase name="testEchoAllLocksThenWritesThenUnlocks" classname="edu.gmu.cs475.ManualClientUnlockAtEndTests" time="0.004"/>
</testsuite>